# JRE version: OpenJDK Runtime Environment Temurin-17.0.4.1+1 (17.0.4.1+1) (build 17.0.4.1+1)
# Java VM: OpenJDK 64-Bit Server VM Temurin-17.0.4.1+1 (17.0.4.1+1, mixed mode, tiered, compressed oops, compressed class ptrs, g1 gc, windows-amd64)
GC Precious Log:
 CPUs: 8 total, 8 available
 Memory: 7541M
 Large Page Support: Disabled
 NUMA Support: Disabled
 Compressed Oops: Enabled (32-bit)
 Heap Region Size: 1M
 Heap Min Capacity: 8M
 Heap Initial Capacity: 118M
 Heap Max Capacity: 1886M
 Pre-touch: Disabled
 Parallel Workers: 8
 Concurrent Workers: 2
 Concurrent Refinement Workers: 8
 Periodic GC: Disabled
Heap:
 garbage-first heap   total 547840K, used 516096K [0x000000008a200000, 0x0000000100000000)
  region size 1024K, 21 young (21504K), 4 survivors (4096K)
 Metaspace       used 37422K, committed 37824K, reserved 1089536K
  class space    used 4351K, committed 4544K, reserved 1048576K
GC Heap History (20 events):
Event: 38.809 GC heap before
{Heap before GC invocations=51 (full 0):
 garbage-first heap   total 380928K, used 321969K [0x000000008a200000, 0x0000000100000000)
  region size 1024K, 18 young (18432K), 3 survivors (3072K)
 Metaspace       used 37422K, committed 37824K, reserved 1089536K
  class space    used 4351K, committed 4544K, reserved 1048576K
}
Event: 38.826 GC heap after
{Heap after GC invocations=52 (full 0):
 garbage-first heap   total 380928K, used 317440K [0x000000008a200000, 0x0000000100000000)
  region size 1024K, 3 young (3072K), 3 survivors (3072K)
 Metaspace       used 37422K, committed 37824K, reserved 1089536K
  class space    used 4351K, committed 4544K, reserved 1048576K
}
Event: 40.136 GC heap before
{Heap before GC invocations=52 (full 0):
 garbage-first heap   total 380928K, used 332800K [0x000000008a200000, 0x0000000100000000)
  region size 1024K, 18 young (18432K), 3 survivors (3072K)
 Metaspace       used 37422K, committed 37824K, reserved 1089536K
  class space    used 4351K, committed 4544K, reserved 1048576K
}
Event: 40.143 GC heap after
{Heap after GC invocations=53 (full 0):
 garbage-first heap   total 380928K, used 327943K [0x000000008a200000, 0x0000000100000000)
  region size 1024K, 3 young (3072K), 3 survivors (3072K)
 Metaspace       used 37422K, committed 37824K, reserved 1089536K
  class space    used 4351K, committed 4544K, reserved 1048576K
}
Event: 41.690 GC heap before
{Heap before GC invocations=54 (full 0):
 garbage-first heap   total 547840K, used 360711K [0x000000008a200000, 0x0000000100000000)
  region size 1024K, 26 young (26624K), 3 survivors (3072K)
 Metaspace       used 37422K, committed 37824K, reserved 1089536K
  class space    used 4351K, committed 4544K, reserved 1048576K
}
Event: 41.700 GC heap after
{Heap after GC invocations=55 (full 0):
 garbage-first heap   total 547840K, used 352198K [0x000000008a200000, 0x0000000100000000)
  region size 1024K, 4 young (4096K), 4 survivors (4096K)
 Metaspace       used 37422K, committed 37824K, reserved 1089536K
  class space    used 4351K, committed 4544K, reserved 1048576K
}
Event: 42.709 GC heap before
{Heap before GC invocations=55 (full 0):
 garbage-first heap   total 547840K, used 374726K [0x000000008a200000, 0x0000000100000000)
  region size 1024K, 26 young (26624K), 4 survivors (4096K)
 Metaspace       used 37422K, committed 37824K, reserved 1089536K
  class space    used 4351K, committed 4544K, reserved 1048576K
}
Event: 42.718 GC heap after
{Heap after GC invocations=56 (full 0):
 garbage-first heap   total 547840K, used 364141K [0x000000008a200000, 0x0000000100000000)
  region size 1024K, 4 young (4096K), 4 survivors (4096K)
 Metaspace       used 37422K, committed 37824K, reserved 1089536K
  class space    used 4351K, committed 4544K, reserved 1048576K
}
Event: 45.133 GC heap before
{Heap before GC invocations=56 (full 0):
 garbage-first heap   total 547840K, used 417389K [0x000000008a200000, 0x0000000100000000)
  region size 1024K, 56 young (57344K), 4 survivors (4096K)
 Metaspace       used 37422K, committed 37824K, reserved 1089536K
  class space    used 4351K, committed 4544K, reserved 1048576K
}
Event: 45.156 GC heap after
{Heap after GC invocations=57 (full 0):
 garbage-first heap   total 547840K, used 397662K [0x000000008a200000, 0x0000000100000000)
  region size 1024K, 7 young (7168K), 7 survivors (7168K)
 Metaspace       used 37422K, committed 37824K, reserved 1089536K
  class space    used 4351K, committed 4544K, reserved 1048576K
}
Event: 47.259 GC heap before
{Heap before GC invocations=57 (full 0):
 garbage-first heap   total 547840K, used 435550K [0x000000008a200000, 0x0000000100000000)
  region size 1024K, 44 young (45056K), 7 survivors (7168K)
 Metaspace       used 37422K, committed 37824K, reserved 1089536K
  class space    used 4351K, committed 4544K, reserved 1048576K
}
Event: 47.276 GC heap after
{Heap after GC invocations=58 (full 0):
 garbage-first heap   total 547840K, used 422400K [0x000000008a200000, 0x0000000100000000)
  region size 1024K, 6 young (6144K), 6 survivors (6144K)
 Metaspace       used 37422K, committed 37824K, reserved 1089536K
  class space    used 4351K, committed 4544K, reserved 1048576K
}
Event: 48.342 GC heap before
{Heap before GC invocations=58 (full 0):
 garbage-first heap   total 547840K, used 451072K [0x000000008a200000, 0x0000000100000000)
  region size 1024K, 34 young (34816K), 6 survivors (6144K)
 Metaspace       used 37422K, committed 37824K, reserved 1089536K
  class space    used 4351K, committed 4544K, reserved 1048576K
}
Event: 48.359 GC heap after
{Heap after GC invocations=59 (full 0):
 garbage-first heap   total 547840K, used 441856K [0x000000008a200000, 0x0000000100000000)
  region size 1024K, 5 young (5120K), 5 survivors (5120K)
 Metaspace       used 37422K, committed 37824K, reserved 1089536K
  class space    used 4351K, committed 4544K, reserved 1048576K
}
Event: 51.982 GC heap before
{Heap before GC invocations=59 (full 0):
 garbage-first heap   total 547840K, used 463360K [0x000000008a200000, 0x0000000100000000)
  region size 1024K, 26 young (26624K), 5 survivors (5120K)
 Metaspace       used 37422K, committed 37824K, reserved 1089536K
  class space    used 4351K, committed 4544K, reserved 1048576K
}
Event: 51.993 GC heap after
{Heap after GC invocations=60 (full 0):
 garbage-first heap   total 547840K, used 456704K [0x000000008a200000, 0x0000000100000000)
  region size 1024K, 4 young (4096K), 4 survivors (4096K)
 Metaspace       used 37422K, committed 37824K, reserved 1089536K
  class space    used 4351K, committed 4544K, reserved 1048576K
}
Event: 53.075 GC heap before
{Heap before GC invocations=60 (full 0):
 garbage-first heap   total 547840K, used 479232K [0x000000008a200000, 0x0000000100000000)
  region size 1024K, 26 young (26624K), 4 survivors (4096K)
 Metaspace       used 37422K, committed 37824K, reserved 1089536K
  class space    used 4351K, committed 4544K, reserved 1048576K
}
Event: 53.086 GC heap after
{Heap after GC invocations=61 (full 0):
 garbage-first heap   total 547840K, used 471430K [0x000000008a200000, 0x0000000100000000)
  region size 1024K, 4 young (4096K), 4 survivors (4096K)
 Metaspace       used 37422K, committed 37824K, reserved 1089536K
  class space    used 4351K, committed 4544K, reserved 1048576K
}
Event: 54.271 GC heap before
{Heap before GC invocations=61 (full 0):
 garbage-first heap   total 547840K, used 493958K [0x000000008a200000, 0x0000000100000000)
  region size 1024K, 26 young (26624K), 4 survivors (4096K)
 Metaspace       used 37422K, committed 37824K, reserved 1089536K
  class space    used 4351K, committed 4544K, reserved 1048576K
}
Event: 54.281 GC heap after
{Heap after GC invocations=62 (full 0):
 garbage-first heap   total 547840K, used 486400K [0x000000008a200000, 0x0000000100000000)
  region size 1024K, 4 young (4096K), 4 survivors (4096K)
 Metaspace       used 37422K, committed 37824K, reserved 1089536K
  class space    used 4351K, committed 4544K, reserved 1048576K
}

