<?xml version="1.0" encoding="UTF-8"?>
<testng-results ignored="0" total="1" passed="1" failed="0" skipped="0">
  <reporter-output>
  </reporter-output>
  <suite started-at="2024-04-27T17:24:53 PDT" name="Surefire suite" finished-at="2024-04-27T17:25:33 PDT" duration-ms="39827">
    <groups>
    </groups>
    <test started-at="2024-04-27T17:24:53 PDT" name="Surefire test" finished-at="2024-04-27T17:25:33 PDT" duration-ms="39827">
      <class name="com.cvss.project.tests.BaseScoreTests">
        <test-method is-config="true" signature="setup()[pri:0, instance:com.cvss.project.tests.BaseScoreTests@1133ec6e]" started-at="2024-04-27T17:24:41 PDT" name="setup" finished-at="2024-04-27T17:24:53 PDT" duration-ms="12117" status="PASS">
          <reporter-output>
          </reporter-output>
        </test-method> <!-- setup -->
        <test-method signature="user_opens_url()[pri:0, instance:com.cvss.project.tests.BaseScoreTests@1133ec6e]" started-at="2024-04-27T17:24:53 PDT" name="user_opens_url" finished-at="2024-04-27T17:25:32 PDT" duration-ms="39322" status="PASS">
          <reporter-output>
          </reporter-output>
        </test-method> <!-- user_opens_url -->
        <test-method is-config="true" signature="teardown()[pri:0, instance:com.cvss.project.tests.BaseScoreTests@1133ec6e]" started-at="2024-04-27T17:25:33 PDT" name="teardown" finished-at="2024-04-27T17:25:33 PDT" duration-ms="322" status="PASS">
          <reporter-output>
          </reporter-output>
        </test-method> <!-- teardown -->
      </class> <!-- com.cvss.project.tests.BaseScoreTests -->
    </test> <!-- Surefire test -->
  </suite> <!-- Surefire suite -->
</testng-results>
