<?xml version="1.0" encoding="UTF-8"?>
<testsuite xmlns:xsi="http://www.w3.org/2001/XMLSchema-instance" xsi:noNamespaceSchemaLocation="https://maven.apache.org/surefire/maven-surefire-plugin/xsd/surefire-test-report-3.0.xsd" version="3.0" name="com.cvss.project.tests.BaseScoreTests" time="54.875" tests="1" errors="0" skipped="0" failures="0">
  <properties>
[...]
</properties>
  <testcase name="user_opens_url" classname="com.cvss.project.tests.BaseScoreTests" time="39.43">
    <system-out><![CDATA[10368
lists size - 10368
Iteration: 1
Vector: (AV:L/AC:H/Au:M/C:P/I:P/A:P/E:U/RL:OF/RC:UC)
BaseScore: 3.4
TempScore: 2.3
count incrementd
Iteration: 2
Vector: (AV:L/AC:H/Au:M/C:P/I:P/A:P/E:U/RL:OF/RC:UR)
BaseScore: 3.4
TempScore: 2.4
count incrementd
Iteration: 3
Vector: (AV:L/AC:H/Au:M/C:P/I:P/A:P/E:U/RL:OF/RC:C)
BaseScore: 3.4
TempScore: 2.5
count incrementd
Iteration: 4
Vector: (AV:L/AC:H/Au:M/C:P/I:P/A:P/E:U/RL:TF/RC:UC)
BaseScore: 3.4
TempScore: 2.3
count incrementd
Iteration: 5
Vector: (AV:L/AC:H/Au:M/C:P/I:P/A:P/E:U/RL:TF/RC:UR)
BaseScore: 3.4
TempScore: 2.5
count incrementd
Iteration: 6
Vector: (AV:L/AC:H/Au:M/C:P/I:P/A:P/E:U/RL:TF/RC:C)
BaseScore: 3.4
TempScore: 2.6
count incrementd
Iteration: 7
Vector: (AV:L/AC:H/Au:M/C:P/I:P/A:P/E:U/RL:W/RC:UC)
BaseScore: 3.4
TempScore: 2.5
count incrementd
Iteration: 8
Vector: (AV:L/AC:H/Au:M/C:P/I:P/A:P/E:U/RL:W/RC:UR)
BaseScore: 3.4
TempScore: 2.6
count incrementd
Iteration: 9
Vector: (AV:L/AC:H/Au:M/C:P/I:P/A:P/E:U/RL:W/RC:C)
BaseScore: 3.4
TempScore: 2.7
count incrementd
Iteration: 10
Vector: (AV:L/AC:H/Au:M/C:P/I:P/A:P/E:U/RL:U/RC:UC)
BaseScore: 3.4
TempScore: 2.6
count incrementd
Iteration: 11
Vector: (AV:L/AC:H/Au:M/C:P/I:P/A:P/E:U/RL:U/RC:UR)
BaseScore: 3.4
TempScore: 2.7
count incrementd
Iteration: 12
Vector: (AV:L/AC:H/Au:M/C:P/I:P/A:P/E:U/RL:U/RC:C)
BaseScore: 3.4
TempScore: 2.9
count incrementd
Iteration: 13
Vector: (AV:L/AC:H/Au:M/C:P/I:P/A:P/E:POC/RL:OF/RC:UC)
BaseScore: 3.4
TempScore: 2.4
count incrementd
Iteration: 14
Vector: (AV:L/AC:H/Au:M/C:P/I:P/A:P/E:POC/RL:OF/RC:UR)
BaseScore: 3.4
TempScore: 2.5
count incrementd
Iteration: 15
Vector: (AV:L/AC:H/Au:M/C:P/I:P/A:P/E:POC/RL:OF/RC:C)
BaseScore: 3.4
TempScore: 2.7
count incrementd
Iteration: 16
Vector: (AV:L/AC:H/Au:M/C:P/I:P/A:P/E:POC/RL:TF/RC:UC)
BaseScore: 3.4
TempScore: 2.5
count incrementd
Iteration: 17
Vector: (AV:L/AC:H/Au:M/C:P/I:P/A:P/E:POC/RL:TF/RC:UR)
BaseScore: 3.4
TempScore: 2.6
count incrementd
Iteration: 18
Vector: (AV:L/AC:H/Au:M/C:P/I:P/A:P/E:POC/RL:TF/RC:C)
BaseScore: 3.4
TempScore: 2.8
count incrementd
Iteration: 19
Vector: (AV:L/AC:H/Au:M/C:P/I:P/A:P/E:POC/RL:W/RC:UC)
BaseScore: 3.4
TempScore: 2.6
count incrementd
Iteration: 20
Vector: (AV:L/AC:H/Au:M/C:P/I:P/A:P/E:POC/RL:W/RC:UR)
BaseScore: 3.4
TempScore: 2.8
count incrementd
Iteration: 21
Vector: (AV:L/AC:H/Au:M/C:P/I:P/A:P/E:POC/RL:W/RC:C)
BaseScore: 3.4
TempScore: 2.9
count incrementd
Iteration: 22
Vector: (AV:L/AC:H/Au:M/C:P/I:P/A:P/E:POC/RL:U/RC:UC)
BaseScore: 3.4
TempScore: 2.8
count incrementd
Iteration: 23
Vector: (AV:L/AC:H/Au:M/C:P/I:P/A:P/E:POC/RL:U/RC:UR)
BaseScore: 3.4
TempScore: 2.9
count incrementd
Iteration: 24
Vector: (AV:L/AC:H/Au:M/C:P/I:P/A:P/E:POC/RL:U/RC:C)
BaseScore: 3.4
TempScore: 3.1
count incrementd
Iteration: 25
Vector: (AV:L/AC:H/Au:M/C:P/I:P/A:P/E:F/RL:OF/RC:UC)
BaseScore: 3.4
TempScore: 2.5
count incrementd
Iteration: 26
Vector: (AV:L/AC:H/Au:M/C:P/I:P/A:P/E:F/RL:OF/RC:UR)
BaseScore: 3.4
TempScore: 2.7
count incrementd
Iteration: 27
Vector: (AV:L/AC:H/Au:M/C:P/I:P/A:P/E:F/RL:OF/RC:C)
BaseScore: 3.4
TempScore: 2.8
count incrementd
Iteration: 28
Vector: (AV:L/AC:H/Au:M/C:P/I:P/A:P/E:F/RL:TF/RC:UC)
BaseScore: 3.4
TempScore: 2.6
count incrementd
Iteration: 29
Vector: (AV:L/AC:H/Au:M/C:P/I:P/A:P/E:F/RL:TF/RC:UR)
BaseScore: 3.4
TempScore: 2.8
count incrementd
Iteration: 30
Vector: (AV:L/AC:H/Au:M/C:P/I:P/A:P/E:F/RL:TF/RC:C)
BaseScore: 3.4
TempScore: 2.9
count incrementd
Iteration: 31
Vector: (AV:L/AC:H/Au:M/C:P/I:P/A:P/E:F/RL:W/RC:UC)
BaseScore: 3.4
TempScore: 2.8
count incrementd
Iteration: 32
Vector: (AV:L/AC:H/Au:M/C:P/I:P/A:P/E:F/RL:W/RC:UR)
BaseScore: 3.4
TempScore: 2.9
count incrementd
Iteration: 33
Vector: (AV:L/AC:H/Au:M/C:P/I:P/A:P/E:F/RL:W/RC:C)
BaseScore: 3.4
TempScore: 3.1
count incrementd
Iteration: 34
Vector: (AV:L/AC:H/Au:M/C:P/I:P/A:P/E:F/RL:U/RC:UC)
BaseScore: 3.4
TempScore: 2.9
count incrementd
Iteration: 35
Vector: (AV:L/AC:H/Au:M/C:P/I:P/A:P/E:F/RL:U/RC:UR)
BaseScore: 3.4
TempScore: 3.1
count incrementd
Iteration: 36
Vector: (AV:L/AC:H/Au:M/C:P/I:P/A:P/E:F/RL:U/RC:C)
BaseScore: 3.4
TempScore: 3.2
count incrementd
Iteration: 37
Vector: (AV:L/AC:H/Au:M/C:P/I:P/A:P/E:H/RL:OF/RC:UC)
BaseScore: 3.4
TempScore: 2.7
count incrementd
Iteration: 38
Vector: (AV:L/AC:H/Au:M/C:P/I:P/A:P/E:H/RL:OF/RC:UR)
BaseScore: 3.4
TempScore: 2.8
count incrementd
Iteration: 39
Vector: (AV:L/AC:H/Au:M/C:P/I:P/A:P/E:H/RL:OF/RC:C)
BaseScore: 3.4
TempScore: 3.0
count incrementd
Iteration: 40
Vector: (AV:L/AC:H/Au:M/C:P/I:P/A:P/E:H/RL:TF/RC:UC)
BaseScore: 3.4
TempScore: 2.8
count incrementd
Iteration: 41
Vector: (AV:L/AC:H/Au:M/C:P/I:P/A:P/E:H/RL:TF/RC:UR)
BaseScore: 3.4
TempScore: 2.9
count incrementd
Iteration: 42
Vector: (AV:L/AC:H/Au:M/C:P/I:P/A:P/E:H/RL:TF/RC:C)
BaseScore: 3.4
TempScore: 3.1
count incrementd
Iteration: 43
Vector: (AV:L/AC:H/Au:M/C:P/I:P/A:P/E:H/RL:W/RC:UC)
BaseScore: 3.4
TempScore: 2.9
count incrementd
Iteration: 44
Vector: (AV:L/AC:H/Au:M/C:P/I:P/A:P/E:H/RL:W/RC:UR)
BaseScore: 3.4
TempScore: 3.1
count incrementd
Iteration: 45
Vector: (AV:L/AC:H/Au:M/C:P/I:P/A:P/E:H/RL:W/RC:C)
BaseScore: 3.4
TempScore: 3.2
count incrementd
Iteration: 46
Vector: (AV:L/AC:H/Au:M/C:P/I:P/A:P/E:H/RL:U/RC:UC)
BaseScore: 3.4
TempScore: 3.1
count incrementd
Iteration: 47
Vector: (AV:L/AC:H/Au:M/C:P/I:P/A:P/E:H/RL:U/RC:UR)
BaseScore: 3.4
TempScore: 3.2
count incrementd
Iteration: 48
Vector: (AV:L/AC:H/Au:M/C:P/I:P/A:P/E:H/RL:U/RC:C)
BaseScore: 3.4
TempScore: 3.4
count incrementd
Iteration: 49
Vector: (AV:L/AC:H/Au:M/C:P/I:P/A:C/E:U/RL:OF/RC:UC)
BaseScore: 4.9
TempScore: 3.3
count incrementd
Iteration: 50
Vector: (AV:L/AC:H/Au:M/C:P/I:P/A:C/E:U/RL:OF/RC:UR)
BaseScore: 4.9
TempScore: 3.4
count incrementd
Iteration: 51
Vector: (AV:L/AC:H/Au:M/C:P/I:P/A:C/E:U/RL:OF/RC:C)
BaseScore: 4.9
TempScore: 3.6
count incrementd
Iteration: 52
Vector: (AV:L/AC:H/Au:M/C:P/I:P/A:C/E:U/RL:TF/RC:UC)
BaseScore: 4.9
TempScore: 3.4
count incrementd
Iteration: 53
Vector: (AV:L/AC:H/Au:M/C:P/I:P/A:C/E:U/RL:TF/RC:UR)
BaseScore: 4.9
TempScore: 3.6
count incrementd
Iteration: 54
Vector: (AV:L/AC:H/Au:M/C:P/I:P/A:C/E:U/RL:TF/RC:C)
BaseScore: 4.9
TempScore: 3.7
count incrementd
Iteration: 55
Vector: (AV:L/AC:H/Au:M/C:P/I:P/A:C/E:U/RL:W/RC:UC)
BaseScore: 4.9
TempScore: 3.6
count incrementd
Iteration: 56
Vector: (AV:L/AC:H/Au:M/C:P/I:P/A:C/E:U/RL:W/RC:UR)
BaseScore: 4.9
TempScore: 3.8
count incrementd
Iteration: 57
Vector: (AV:L/AC:H/Au:M/C:P/I:P/A:C/E:U/RL:W/RC:C)
BaseScore: 4.9
TempScore: 4.0
count incrementd
Iteration: 58
Vector: (AV:L/AC:H/Au:M/C:P/I:P/A:C/E:U/RL:U/RC:UC)
BaseScore: 4.9
TempScore: 3.7
count incrementd
Iteration: 59
Vector: (AV:L/AC:H/Au:M/C:P/I:P/A:C/E:U/RL:U/RC:UR)
BaseScore: 4.9
TempScore: 4.0
count incrementd
Iteration: 60
Vector: (AV:L/AC:H/Au:M/C:P/I:P/A:C/E:U/RL:U/RC:C)
BaseScore: 4.9
TempScore: 4.2
count incrementd
Iteration: 61
Vector: (AV:L/AC:H/Au:M/C:P/I:P/A:C/E:POC/RL:OF/RC:UC)
BaseScore: 4.9
TempScore: 3.5
count incrementd
Iteration: 62
Vector: (AV:L/AC:H/Au:M/C:P/I:P/A:C/E:POC/RL:OF/RC:UR)
BaseScore: 4.9
TempScore: 3.6
count incrementd
Iteration: 63
Vector: (AV:L/AC:H/Au:M/C:P/I:P/A:C/E:POC/RL:OF/RC:C)
BaseScore: 4.9
TempScore: 3.8
count incrementd
Iteration: 64
Vector: (AV:L/AC:H/Au:M/C:P/I:P/A:C/E:POC/RL:TF/RC:UC)
BaseScore: 4.9
TempScore: 3.6
count incrementd
Iteration: 65
Vector: (AV:L/AC:H/Au:M/C:P/I:P/A:C/E:POC/RL:TF/RC:UR)
BaseScore: 4.9
TempScore: 3.8
count incrementd
Iteration: 66
Vector: (AV:L/AC:H/Au:M/C:P/I:P/A:C/E:POC/RL:TF/RC:C)
BaseScore: 4.9
TempScore: 4.0
count incrementd
Iteration: 67
Vector: (AV:L/AC:H/Au:M/C:P/I:P/A:C/E:POC/RL:W/RC:UC)
BaseScore: 4.9
TempScore: 3.8
count incrementd
Iteration: 68
Vector: (AV:L/AC:H/Au:M/C:P/I:P/A:C/E:POC/RL:W/RC:UR)
BaseScore: 4.9
TempScore: 4.0
count incrementd
Iteration: 69
Vector: (AV:L/AC:H/Au:M/C:P/I:P/A:C/E:POC/RL:W/RC:C)
BaseScore: 4.9
TempScore: 4.2
count incrementd
Iteration: 70
Vector: (AV:L/AC:H/Au:M/C:P/I:P/A:C/E:POC/RL:U/RC:UC)
BaseScore: 4.9
TempScore: 4.0
count incrementd
Iteration: 71
Vector: (AV:L/AC:H/Au:M/C:P/I:P/A:C/E:POC/RL:U/RC:UR)
BaseScore: 4.9
TempScore: 4.2
count incrementd
Iteration: 72
Vector: (AV:L/AC:H/Au:M/C:P/I:P/A:C/E:POC/RL:U/RC:C)
BaseScore: 4.9
TempScore: 4.4
count incrementd
Iteration: 73
Vector: (AV:L/AC:H/Au:M/C:P/I:P/A:C/E:F/RL:OF/RC:UC)
BaseScore: 4.9
TempScore: 3.6
count incrementd
Iteration: 74
Vector: (AV:L/AC:H/Au:M/C:P/I:P/A:C/E:F/RL:OF/RC:UR)
BaseScore: 4.9
TempScore: 3.8
count incrementd
Iteration: 75
Vector: (AV:L/AC:H/Au:M/C:P/I:P/A:C/E:F/RL:OF/RC:C)
BaseScore: 4.9
TempScore: 4.0
count incrementd
Iteration: 76
Vector: (AV:L/AC:H/Au:M/C:P/I:P/A:C/E:F/RL:TF/RC:UC)
BaseScore: 4.9
TempScore: 3.8
count incrementd
Iteration: 77
Vector: (AV:L/AC:H/Au:M/C:P/I:P/A:C/E:F/RL:TF/RC:UR)
BaseScore: 4.9
TempScore: 4.0
count incrementd
Iteration: 78
Vector: (AV:L/AC:H/Au:M/C:P/I:P/A:C/E:F/RL:TF/RC:C)
BaseScore: 4.9
TempScore: 4.2
count incrementd
Iteration: 79
Vector: (AV:L/AC:H/Au:M/C:P/I:P/A:C/E:F/RL:W/RC:UC)
BaseScore: 4.9
TempScore: 4.0
count incrementd
Iteration: 80
Vector: (AV:L/AC:H/Au:M/C:P/I:P/A:C/E:F/RL:W/RC:UR)
BaseScore: 4.9
TempScore: 4.2
count incrementd
Iteration: 81
Vector: (AV:L/AC:H/Au:M/C:P/I:P/A:C/E:F/RL:W/RC:C)
BaseScore: 4.9
TempScore: 4.4
count incrementd
Iteration: 82
Vector: (AV:L/AC:H/Au:M/C:P/I:P/A:C/E:F/RL:U/RC:UC)
BaseScore: 4.9
TempScore: 4.2
count incrementd
Iteration: 83
Vector: (AV:L/AC:H/Au:M/C:P/I:P/A:C/E:F/RL:U/RC:UR)
BaseScore: 4.9
TempScore: 4.4
count incrementd
Iteration: 84
Vector: (AV:L/AC:H/Au:M/C:P/I:P/A:C/E:F/RL:U/RC:C)
BaseScore: 4.9
TempScore: 4.7
count incrementd
Iteration: 85
Vector: (AV:L/AC:H/Au:M/C:P/I:P/A:C/E:H/RL:OF/RC:UC)
BaseScore: 4.9
TempScore: 3.8
count incrementd
Iteration: 86
Vector: (AV:L/AC:H/Au:M/C:P/I:P/A:C/E:H/RL:OF/RC:UR)
BaseScore: 4.9
TempScore: 4.0
count incrementd
Iteration: 87
Vector: (AV:L/AC:H/Au:M/C:P/I:P/A:C/E:H/RL:OF/RC:C)
BaseScore: 4.9
TempScore: 4.3
count incrementd
Iteration: 88
Vector: (AV:L/AC:H/Au:M/C:P/I:P/A:C/E:H/RL:TF/RC:UC)
BaseScore: 4.9
TempScore: 4.0
count incrementd
Iteration: 89
Vector: (AV:L/AC:H/Au:M/C:P/I:P/A:C/E:H/RL:TF/RC:UR)
BaseScore: 4.9
TempScore: 4.2
count incrementd
Iteration: 90
Vector: (AV:L/AC:H/Au:M/C:P/I:P/A:C/E:H/RL:TF/RC:C)
BaseScore: 4.9
TempScore: 4.4
count incrementd
Iteration: 91
Vector: (AV:L/AC:H/Au:M/C:P/I:P/A:C/E:H/RL:W/RC:UC)
BaseScore: 4.9
TempScore: 4.2
count incrementd
Iteration: 92
Vector: (AV:L/AC:H/Au:M/C:P/I:P/A:C/E:H/RL:W/RC:UR)
BaseScore: 4.9
TempScore: 4.4
count incrementd
Iteration: 93
Vector: (AV:L/AC:H/Au:M/C:P/I:P/A:C/E:H/RL:W/RC:C)
BaseScore: 4.9
TempScore: 4.7
count incrementd
Iteration: 94
Vector: (AV:L/AC:H/Au:M/C:P/I:P/A:C/E:H/RL:U/RC:UC)
BaseScore: 4.9
TempScore: 4.4
count incrementd
Iteration: 95
Vector: (AV:L/AC:H/Au:M/C:P/I:P/A:C/E:H/RL:U/RC:UR)
BaseScore: 4.9
TempScore: 4.7
count incrementd
Iteration: 96
Vector: (AV:L/AC:H/Au:M/C:P/I:P/A:C/E:H/RL:U/RC:C)
BaseScore: 4.9
TempScore: 4.9
count incrementd
Iteration: 97
Vector: (AV:L/AC:H/Au:M/C:P/I:C/A:P/E:U/RL:OF/RC:UC)
BaseScore: 4.9
TempScore: 3.3
count incrementd
Iteration: 98
Vector: (AV:L/AC:H/Au:M/C:P/I:C/A:P/E:U/RL:OF/RC:UR)
BaseScore: 4.9
TempScore: 3.4
count incrementd
Iteration: 99
Vector: (AV:L/AC:H/Au:M/C:P/I:C/A:P/E:U/RL:OF/RC:C)
BaseScore: 4.9
TempScore: 3.6
count incrementd
]]></system-out>
    <system-err><![CDATA[SLF4J: Failed to load class "org.slf4j.impl.StaticLoggerBinder".
SLF4J: Defaulting to no-operation (NOP) logger implementation
SLF4J: See http://www.slf4j.org/codes.html#StaticLoggerBinder for further details.
Starting ChromeDriver 124.0.6367.91 (51df0e5e17a8b0a4f281c1665dbd1b8a0c6b46af-refs/branch-heads/6367@{#984}) on port 7331
Only local connections are allowed.
Please see https://chromedriver.chromium.org/security-considerations for suggestions on keeping ChromeDriver safe.
ChromeDriver was started successfully.
Apr 27, 2024 5:24:46 PM org.openqa.selenium.devtools.CdpVersionFinder findNearestMatch
WARNING: Unable to find CDP implementation matching 124
Apr 27, 2024 5:24:46 PM org.openqa.selenium.chromium.ChromiumDriver lambda$new$3
WARNING: Unable to find version of CDP to use for . You may need to include a dependency on a specific version of the CDP using something similar to `org.seleniumhq.selenium:selenium-devtools-v86:4.9.0` where the version ("v86") matches the version of the chromium-based browser you're using and the version number of the artifact is the same as Selenium's.
]]></system-err>
  </testcase>
</testsuite>